
ROM used:   83/8192 (1%)
            83/8192 (1%) including unused fragments

            0.1 Average locations per line
            6.9 Average locations per statement

RAM used:   8/368 (2%) at main() level
            9/368 (2%) worst case

Stack used: 1 worst case (1 in main + 0 for interrupts)
Stack size: 8

Lines Stmts  %   Files
----- ----- ---  -----
   22    12 100  Escalera.c
  758     0   0  ..\..\..\..\Program Files (x86)\PICC\Devices\16f887.h
----- -----
  780    12 Total

Page ROM  %  RAM   Vol Diff  Functions:
---- --- --- ---   --- ----  ----------
0     22  27    1             @delay_ms1
0     57  69    1   245  4.1  main
 Inline         0   760  4.5  @cinit1

Program metrics:
    Functions               2
    Statements              12
    Comments                121
    Volume (V)              1157
    Difficulty (D)          8.7
    Effort to implement (E) 10043
    Time to implement (T)   9 minutes
    Est Delivered Bugs (B)  0
    Cyclomatic Complexity   1
    Maintainability (MI)    84

 Segment     Used  Free
-----------  ----  ----
00000-00003     4  0  
00004-007FF    79  1965  
00800-00FFF     0  2048  
01000-017FF     0  2048  
01800-01FFF     0  2048  



