
ROM used:   250/8192 (3%)
            250/8192 (3%) including unused fragments

            0.3 Average locations per line
            8.3 Average locations per statement

RAM used:   10/368 (3%) at main() level
            10/368 (3%) worst case

Stack used: 0 worst case (0 in main + 0 for interrupts)
Stack size: 8

Lines Stmts  %   Files
----- ----- ---  -----
   44    30 100  Grey.c
  758     0   0  ..\..\..\..\Program Files (x86)\PICC\Devices\16f887.h
----- -----
  802    30 Total

Page ROM  %  RAM   Vol Diff  Functions:
---- --- --- ---   --- ----  ----------
0    246  98    2  1193  5.9  main
 Inline         0   371  5.4  @cinit1

Program metrics:
    Functions               2
    Statements              30
    Comments                139
    Volume (V)              1776
    Difficulty (D)          11.5
    Effort to implement (E) 20412
    Time to implement (T)   19 minutes
    Est Delivered Bugs (B)  0
    Cyclomatic Complexity   4
    Maintainability (MI)    108

 Segment     Used  Free
-----------  ----  ----
00000-00003     4  0  
00004-007FF   246  1798  
00800-00FFF     0  2048  
01000-017FF     0  2048  
01800-01FFF     0  2048  



